 KPT  1  SPIN  1  KWEIGHT  1.00000000000000
     1   -20.208  1.00000
     2   -14.359  1.00000
     3   -11.338  1.00000
     4    -9.968  1.00000
     5    -9.484  1.00000
     6    -5.855  1.00000
     7    -5.024  1.00000
     8     6.229  0.00000
     9     8.726  0.00000
    10    12.499  0.00000
    11    14.218  0.00000
    12    19.555  0.00000
 
 KPT  1  SPIN  2  KWEIGHT  1.00000000000000
     1   -19.875  1.00000
     2   -13.809  1.00000
     3   -11.166  1.00000
     4    -9.477  1.00000
     5    -8.992  1.00000
     6    -4.945  1.00000
     7    -4.892  0.00000
     8     6.799  0.00000
     9     9.181  0.00000
    10    12.741  0.00000
    11    14.330  0.00000
    12    20.204  0.00000
 
