 KPT  1  SPIN  1  KWEIGHT  1.00000000000000
     1   -30.002  2.00000
     2   -27.532  2.00000
     3   -25.661  2.00000
     4   -23.154  2.00000
     5   -21.371  2.00000
     6   -20.780  2.00000
     7   -20.313  2.00000
     8   -18.768  2.00000
     9   -18.509  2.00000
    10   -17.730  2.00000
    11   -16.763  2.00000
    12   -16.446  2.00000
    13   -16.115  2.00000
    14   -15.793  2.00000
    15   -15.452  2.00000
    16   -13.636  1.50000
    17    -9.710  0.50000
    18    -4.326  0.00000
    19    -2.173  0.00000
    20     4.160  0.00000
    21     8.369  0.00000
    22    12.246  0.00000
    23    13.974  0.00000
    24    16.427  0.00000
    25    18.302  0.00000
    26    19.103  0.00000
    27    21.563  0.00000
    28    26.306  0.00000
    29    32.167  0.00000
    30    35.068  0.00000
    31    39.923  0.00000
    32    45.361  0.00000
 
