REKS do not use any electronic distribution function
 
Calculation with static geometry
 
********************************************************************************************
  iSCC       reks energy        Diff energy         x_a       SCC error   
   61      -16.3784846411      -0.0000000000     0.999997    0.00000099
********************************************************************************************
 
 SA-REKS optimizes the avergaed state, not individual states
 These charges do not mean the charges for individual states
 Similarly to this, the values in band.out file indicate
 the band energies and occupations for the averaged state
 If you want to compute the relaxed density,
 please, set 'RelaxedDensity = Yes' option
 
 Total charge:     1.00000000

 Atomic gross charges (e)
 Atom           Charge
    1      -0.03386638
    2       0.00813161
    3       0.09232391
    4       0.11960342
    5       0.12634837
    6       0.01863718
    7      -0.08518984
    8       0.06661150
    9       0.12523354
   10       0.16439373
   11       0.07911095
   12      -0.21179420
   13       0.27187361
   14       0.25858260
 
Nr. of electrons (up):     32.00000000
Atom populations (up)
 Atom       Population
    1       4.03386638
    2       3.99186839
    3       0.90767609
    4       0.88039658
    5       0.87365163
    6       3.98136282
    7       4.08518984
    8       0.93338850
    9       0.87476646
   10       3.83560627
   11       0.92088905
   12       5.21179420
   13       0.72812639
   14       0.74141740
 
l-shell populations (up)
 Atom Sh.   l       Population
    1   1   0       1.23306435
    1   2   1       2.80080203
    2   1   0       1.18768295
    2   2   1       2.80418544
    3   1   0       0.90767609
    4   1   0       0.88039658
    5   1   0       0.87365163
    6   1   0       1.17821930
    6   2   1       2.80314352
    7   1   0       1.15344130
    7   2   1       2.93174854
    8   1   0       0.93338850
    9   1   0       0.87476646
   10   1   0       1.15230827
   10   2   1       2.68329800
   11   1   0       0.92088905
   12   1   0       1.35962315
   12   2   1       3.85217105
   13   1   0       0.72812639
   14   1   0       0.74141740
 
Orbital populations (up)
 Atom Sh.   l   m       Population  Label
    1   1   0   0       1.23306435  s
    1   2   1  -1       0.84135867  p_y
    1   2   1   0       0.96034582  p_z
    1   2   1   1       0.99909753  p_x
    2   1   0   0       1.18768295  s
    2   2   1  -1       0.89710217  p_y
    2   2   1   0       0.98820448  p_z
    2   2   1   1       0.91887879  p_x
    3   1   0   0       0.90767609  s
    4   1   0   0       0.88039658  s
    5   1   0   0       0.87365163  s
    6   1   0   0       1.17821930  s
    6   2   1  -1       0.94232260  p_y
    6   2   1   0       0.94956979  p_z
    6   2   1   1       0.91125113  p_x
    7   1   0   0       1.15344130  s
    7   2   1  -1       0.98209238  p_y
    7   2   1   0       0.99433574  p_z
    7   2   1   1       0.95532042  p_x
    8   1   0   0       0.93338850  s
    9   1   0   0       0.87476646  s
   10   1   0   0       1.15230827  s
   10   2   1  -1       0.86542422  p_y
   10   2   1   0       0.87644287  p_z
   10   2   1   1       0.94143091  p_x
   11   1   0   0       0.92088905  s
   12   1   0   0       1.35962315  s
   12   2   1  -1       1.48751632  p_y
   12   2   1   0       1.18221341  p_z
   12   2   1   1       1.18244132  p_x
   13   1   0   0       0.72812639  s
   14   1   0   0       0.74141740  s
 
Input / Output electrons (q):     32.0000000000
 
Energy H0:                         -16.3691784318 H         -445.4280 eV
Energy SCC:                          0.1088268111 H            2.9613 eV
Energy SPIN:                        -0.0000007380 H           -0.0000 eV
Energy Fock:                        -0.6780937259 H          -18.4519 eV
Total Electronic energy:           -16.9384460846 H         -460.9186 eV
Repulsive energy:                    0.4928412036 H           13.4109 eV
 
Excitation Energy:                   0.0000000000 H            0.0000 eV
 
Total energy:                      -16.4456064998 H         -447.5077 eV
 
SCC converged
 
Total Forces
    1     -0.024608698200      0.020272191709      0.029870601131
    2     -0.062541747872     -0.016847832745     -0.067113108411
    3      0.003553847182     -0.008722749820     -0.006653654973
    4      0.012191912673     -0.008894145903      0.018069481953
    5      0.034686339984     -0.019712306100     -0.001688360514
    6     -0.036379785430      0.016949977166     -0.047680589780
    7      0.009411311340      0.001833733387      0.066332325964
    8     -0.000626825036     -0.024881857681      0.010601080272
    9     -0.002869152520      0.006789278206      0.004574903729
   10      0.140247240297      0.018068796098      0.052631227191
   11     -0.062678303672      0.018465858288     -0.026880191688
   12      0.090425798010      0.004422785580      0.104781650064
   13      0.009173688054      0.006181197095     -0.028532159226
   14     -0.109985624810     -0.013924925281     -0.108313205712
 
Maximal derivative component:        0.140247E+00 au
 
 
