 Model Hamiltonian
 Nuclear position?
 # of BO states?
   19.0000000000000        3.10000000000000        4.00000000000000     
   5.00000000000000     

**ENTERING PJDREVCOM************************************

Computing the smallest eigenvalue(s)
------------------------------------

- Setting up a new ILU preconditioner ------------------
 fill-in factor:      1.33 (=nnz(LU)/nnz(A))
   used droptol:   1.00000E-03
     used shift:  -1.70004E+01
   ILU computed:      0.00[sec]
--------------------------------------------------------

            Eigenvalue     Res. norm    Error est.   No(Cluster)
  -2.7326556806583E-01       8.0E-11       7.1E-20        1(---)
  -1.8226369564964E-01       7.6E-11       1.3E-19        2(---) (*)

 (Warning: error estimates are subject to several limitations,
  see documentation for details; for (*), error estimate is indicative only)

  Number of MATVEC needed:    320 ;  Estimated gap: 4.42E-02 ;  INFO:  0

CPU time for eigenvalue computation:      0.01[sec]
       CPU time for preconditioning:      0.00[sec]
                     Total CPU time:      0.01[sec]

 (Suggested SHIFT   if restart needed:-3.64E-01)
 (Suggested DROPTOL if restart needed: 1.00E-03)

**LEAVING PJDREVCOM*************************************

 NORM 1:    1.00000000000000     
 NORM 2:    1.00000000000000     
