REKS do not use any electronic distribution function
 
Calculation with static geometry
 
********************************************************************************************
  iSCC       reks energy        Diff energy         x_a        Time(s)         SCC error   
   89       -5.7552654848      -0.0000000000     1.000000     0.001452       0.0000009950
********************************************************************************************
 
 SA-REKS optimizes the avergaed state, not individual states
 These charges do not mean the charges for S0 or S1 states
 If you want to compute the relaxed density,
 please, set 'RelaxedDensity = Yes' option
 
 Total charge:     0.00000000

 Atomic gross charges (e)
 Atom           Charge
    1      -0.51866560
    2       0.06366824
    3       0.14933232
    4       0.17121616
    5       0.06582754
    6       0.06862134
 
Nr. of electrons (up):     12.00000000
Atom populations (up)
 Atom       Population
    1       4.51866560
    2       3.93633176
    3       0.85066768
    4       0.82878384
    5       0.93417246
    6       0.93137866
 
l-shell populations (up)
 Atom Sh.   l       Population
    1   1   0       1.26009740
    1   2   1       3.25856821
    2   1   0       1.21850507
    2   2   1       2.71782669
    3   1   0       0.85066768
    4   1   0       0.82878384
    5   1   0       0.93417246
    6   1   0       0.93137866
 
Orbital populations (up)
 Atom Sh.   l   m       Population  Label
    1   1   0   0       1.26009740  s
    1   2   1  -1       1.14819105  p_y
    1   2   1   0       1.14889599  p_z
    1   2   1   1       0.96148117  p_x
    2   1   0   0       1.21850507  s
    2   2   1  -1       0.86486782  p_y
    2   2   1   0       0.89911864  p_z
    2   2   1   1       0.95384023  p_x
    3   1   0   0       0.85066768  s
    4   1   0   0       0.82878384  s
    5   1   0   0       0.93417246  s
    6   1   0   0       0.93137866  s
 
Block populations (up)
Atom 1
  1.2601  0.1636  0.1370 -0.1031
  0.1636  1.1482  0.1679 -0.0959
  0.1370  0.1679  1.1489 -0.0882
 -0.1031 -0.0959 -0.0882  0.9615
Atom 2
  1.2185  0.0003 -0.0075  0.0333
  0.0003  0.8649  0.1004 -0.0015
 -0.0075  0.1004  0.8991  0.0216
  0.0333 -0.0015  0.0216  0.9538
Atom 3
  0.8507
Atom 4
  0.8288
Atom 5
  0.9342
Atom 6
  0.9314
 
Input / Output electrons (q):     12.0000000000
 
Energy H0:                          -5.6034567873 H         -152.4778 eV
Energy SCC:                          0.0044974184 H            0.1224 eV
Energy SPIN:                        -0.0117523577 H           -0.3198 eV
Energy Fock:                        -0.2697801683 H           -7.3411 eV
Energy onsite:                      -0.0162739976 H           -0.4428 eV
Total Electronic energy:            -5.8967658926 H         -160.4592 eV
Repulsive energy:                    0.1282982703 H            3.4912 eV
Total energy:                       -5.7367386788 H         -156.1046 eV
 
Excitation Energy:                   0.0370536119 H            1.0083 eV
 
SCC converged
 
Total Forces
    1     -0.014360537848     -0.011111261109     -0.018393657409
    2     -0.002024756468      0.005987535830      0.012836751169
    3      0.011304662106      0.015153812196      0.015882916566
    4      0.011023639378     -0.003186034682     -0.000741732466
    5     -0.005673283166      0.000286804766     -0.014642738406
    6     -0.000269724001     -0.007130857000      0.005058460546
 
Maximal derivative component:        0.183937E-01 au
 
Dipole moment:    0.00000000    0.00000000    0.00000000 au
Dipole moment:    0.00000000    0.00000000    0.00000000 Debye
 
 
