 KPT  1  SPIN  1  KWEIGHT  1.00000000000000
     1   -29.454  2.00000
     2   -27.347  2.00000
     3   -25.203  2.00000
     4   -22.925  2.00000
     5   -21.732  2.00000
     6   -20.452  2.00000
     7   -19.116  2.00000
     8   -18.616  2.00000
     9   -18.192  2.00000
    10   -17.494  2.00000
    11   -17.052  2.00000
    12   -16.526  2.00000
    13   -15.865  2.00000
    14   -15.177  2.00000
    15   -14.267  2.00000
    16   -14.270  1.50000
    17   -10.375  0.50000
    18    -4.434  0.00000
    19    -2.382  0.00000
    20     8.065  0.00000
    21     9.932  0.00000
    22    11.079  0.00000
    23    14.199  0.00000
    24    17.016  0.00000
    25    18.894  0.00000
    26    19.777  0.00000
    27    21.215  0.00000
    28    28.805  0.00000
    29    31.108  0.00000
    30    33.698  0.00000
    31    34.176  0.00000
    32    38.306  0.00000
 
