REKS do not use any electronic distribution function
 
Calculation with static geometry
 
********************************************************************************************
  iSCC       reks energy        Diff energy         x_a       SCC error   
  114      -16.3776791667      -0.0000000000     1.000000    0.00000098
********************************************************************************************
 
 SA-REKS optimizes the avergaed state, not individual states
 These charges do not mean the charges for individual states
 Similarly to this, the values in band.out file indicate
 the band energies and occupations for the averaged state
 If you want to compute the relaxed density,
 please, set 'RelaxedDensity = Yes' option
 
 Total charge:     1.00000000

 Atomic gross charges (e)
 Atom           Charge
    1      -0.01215200
    2       0.03437305
    3       0.10564755
    4       0.12941781
    5       0.11688731
    6      -0.03409189
    7      -0.11456624
    8       0.13804989
    9       0.09931523
   10       0.15374791
   11       0.12732835
   12      -0.22517824
   13       0.23114477
   14       0.25007649
 
Nr. of electrons (up):     32.00000000
Atom populations (up)
 Atom       Population
    1       4.01215200
    2       3.96562695
    3       0.89435245
    4       0.87058219
    5       0.88311269
    6       4.03409189
    7       4.11456624
    8       0.86195011
    9       0.90068477
   10       3.84625209
   11       0.87267165
   12       5.22517824
   13       0.76885523
   14       0.74992351
 
l-shell populations (up)
 Atom Sh.   l       Population
    1   1   0       1.19590955
    1   2   1       2.81624245
    2   1   0       1.20570210
    2   2   1       2.75992485
    3   1   0       0.89435245
    4   1   0       0.87058219
    5   1   0       0.88311269
    6   1   0       1.18519896
    6   2   1       2.84889293
    7   1   0       1.18548131
    7   2   1       2.92908493
    8   1   0       0.86195011
    9   1   0       0.90068477
   10   1   0       1.14299760
   10   2   1       2.70325449
   11   1   0       0.87267165
   12   1   0       1.38518824
   12   2   1       3.83999000
   13   1   0       0.76885523
   14   1   0       0.74992351
 
Orbital populations (up)
 Atom Sh.   l   m       Population  Label
    1   1   0   0       1.19590955  s
    1   2   1  -1       1.00818917  p_y
    1   2   1   0       0.87306287  p_z
    1   2   1   1       0.93499041  p_x
    2   1   0   0       1.20570210  s
    2   2   1  -1       0.90895172  p_y
    2   2   1   0       0.91905556  p_z
    2   2   1   1       0.93191756  p_x
    3   1   0   0       0.89435245  s
    4   1   0   0       0.87058219  s
    5   1   0   0       0.88311269  s
    6   1   0   0       1.18519896  s
    6   2   1  -1       0.95653112  p_y
    6   2   1   0       0.95089262  p_z
    6   2   1   1       0.94146919  p_x
    7   1   0   0       1.18548131  s
    7   2   1  -1       1.06595908  p_y
    7   2   1   0       0.93853655  p_z
    7   2   1   1       0.92458930  p_x
    8   1   0   0       0.86195011  s
    9   1   0   0       0.90068477  s
   10   1   0   0       1.14299760  s
   10   2   1  -1       0.84118620  p_y
   10   2   1   0       0.96504307  p_z
   10   2   1   1       0.89702523  p_x
   11   1   0   0       0.87267165  s
   12   1   0   0       1.38518824  s
   12   2   1  -1       1.53958934  p_y
   12   2   1   0       1.18886708  p_z
   12   2   1   1       1.11153358  p_x
   13   1   0   0       0.76885523  s
   14   1   0   0       0.74992351  s
 
Input / Output electrons (q):     32.0000000000
 
Energy H0:                         -16.3366854716 H         -444.5438 eV
Energy SCC:                          0.1083895072 H            2.9494 eV
Energy SPIN:                        -0.0000000002 H           -0.0000 eV
Energy Fock:                        -0.6672644817 H          -18.1572 eV
Total Electronic energy:           -16.8955604463 H         -459.7516 eV
Repulsive energy:                    0.4600269408 H           12.5180 eV
 
Excitation Energy:                   0.0000000000 H            0.0000 eV
 
Total energy:                      -16.4358425930 H         -447.2420 eV
 
SCC converged
 
Total Forces
    1      0.139277946043     -0.015721611520      0.043176354204
    2     -0.125603203944     -0.057931620991     -0.030141390731
    3     -0.037660368346      0.071214536414      0.033209306928
    4     -0.033848799619     -0.064411840933     -0.063742385585
    5     -0.006769752008      0.045010257691      0.001982132891
    6      0.070914600288     -0.012994088974     -0.011278545175
    7     -0.046093929070      0.027436044393      0.052246909666
    8      0.006532160861      0.013530924800     -0.012484151989
    9     -0.005004972048     -0.018284225592     -0.041817333782
   10      0.020869106168      0.024437253342      0.153685387736
   11     -0.027878755447     -0.040899748310     -0.097768776617
   12      0.096784265298      0.026868966103     -0.032180752607
   13     -0.024366982269     -0.013137648474      0.001753476074
   14     -0.027151315908      0.014882802053      0.003359768988
 
Maximal derivative component:        0.153685E+00 au
 
 
