 KPT  1  SPIN  1  KWEIGHT  0.250000000000000
     1   -14.394  2.00000
     2   -12.978  2.00000
     3   -12.869  2.00000
     4   -12.690  2.00000
     5   -10.338  2.00000
     6   -10.266  2.00000
     7   -10.196  2.00000
     8    -7.832  2.00000
     9    -6.966  2.00000
    10    -6.921  2.00000
    11    -6.849  2.00000
    12    -6.303  2.00000
    13    -6.272  2.00000
    14    -6.230  2.00000
    15    -5.058  2.00000
    16    -4.990  2.00000
    17    -2.199  0.00000
    18    -1.041  0.00000
    19    -0.526  0.00000
    20    -0.456  0.00000
    21    -0.231  0.00000
    22    -0.098  0.00000
    23     0.039  0.00000
    24     0.445  0.00000
    25     1.066  0.00000
    26     1.745  0.00000
    27     2.019  0.00000
    28     2.250  0.00000
    29     2.339  0.00000
    30     3.536  0.00000
    31     3.672  0.00000
    32     3.724  0.00000
 
 KPT  2  SPIN  1  KWEIGHT  0.250000000000000
     1   -14.385  2.00000
     2   -13.002  2.00000
     3   -12.856  2.00000
     4   -12.714  2.00000
     5   -10.322  2.00000
     6   -10.239  2.00000
     7   -10.149  2.00000
     8    -7.894  2.00000
     9    -6.999  2.00000
    10    -6.970  2.00000
    11    -6.895  2.00000
    12    -6.273  2.00000
    13    -6.262  2.00000
    14    -6.209  2.00000
    15    -5.052  2.00000
    16    -4.965  2.00000
    17    -2.174  0.00000
    18    -1.076  0.00000
    19    -0.794  0.00000
    20    -0.416  0.00000
    21    -0.141  0.00000
    22    -0.028  0.00000
    23     0.293  0.00000
    24     0.686  0.00000
    25     1.060  0.00000
    26     1.822  0.00000
    27     1.872  0.00000
    28     2.121  0.00000
    29     2.262  0.00000
    30     3.478  0.00000
    31     3.607  0.00000
    32     3.711  0.00000
 
 KPT  3  SPIN  1  KWEIGHT  0.250000000000000
     1   -14.386  2.00000
     2   -12.972  2.00000
     3   -12.848  2.00000
     4   -12.759  2.00000
     5   -10.303  2.00000
     6   -10.254  2.00000
     7   -10.136  2.00000
     8    -7.878  2.00000
     9    -7.023  2.00000
    10    -6.939  2.00000
    11    -6.916  2.00000
    12    -6.275  2.00000
    13    -6.264  2.00000
    14    -6.240  2.00000
    15    -5.053  2.00000
    16    -4.965  2.00000
    17    -2.135  0.00000
    18    -0.954  0.00000
    19    -0.756  0.00000
    20    -0.507  0.00000
    21    -0.326  0.00000
    22    -0.129  0.00000
    23     0.520  0.00000
    24     0.708  0.00000
    25     1.029  0.00000
    26     1.772  0.00000
    27     1.975  0.00000
    28     2.062  0.00000
    29     2.261  0.00000
    30     3.498  0.00000
    31     3.586  0.00000
    32     3.708  0.00000
 
 KPT  4  SPIN  1  KWEIGHT  0.250000000000000
     1   -14.396  2.00000
     2   -12.948  2.00000
     3   -12.853  2.00000
     4   -12.740  2.00000
     5   -10.329  2.00000
     6   -10.277  2.00000
     7   -10.185  2.00000
     8    -7.834  2.00000
     9    -6.956  2.00000
    10    -6.914  2.00000
    11    -6.869  2.00000
    12    -6.298  2.00000
    13    -6.281  2.00000
    14    -6.239  2.00000
    15    -5.061  2.00000
    16    -4.964  2.00000
    17    -2.189  0.00000
    18    -0.925  0.00000
    19    -0.691  0.00000
    20    -0.523  0.00000
    21    -0.368  0.00000
    22    -0.001  0.00000
    23     0.113  0.00000
    24     0.513  0.00000
    25     0.992  0.00000
    26     1.866  0.00000
    27     2.042  0.00000
    28     2.252  0.00000
    29     2.296  0.00000
    30     3.518  0.00000
    31     3.613  0.00000
    32     3.769  0.00000
 
