REKS do not use any electronic distribution function
 
Calculation with static geometry
 
********************************************************************************************
  iSCC       reks energy        Diff energy         x_a        Time(s)         SCC error   
  115       -5.7887804836      -0.0000000000     0.999959     0.001453       0.0000009392
********************************************************************************************
 
 SA-REKS optimizes the avergaed state, not individual states
 These charges do not mean the charges for S0 or S1 states
 If you want to compute the relaxed density,
 please, set 'RelaxedDensity = Yes' option
 
 Total charge:     0.00000000

 Atomic gross charges (e)
 Atom           Charge
    1      -0.22104013
    2      -0.25399403
    3       0.10770476
    4       0.12172599
    5       0.11611763
    6       0.12948578
 
Nr. of electrons (up):     12.00000000
Atom populations (up)
 Atom       Population
    1       4.22104013
    2       4.25399403
    3       0.89229524
    4       0.87827401
    5       0.88388237
    6       0.87051422
 
l-shell populations (up)
 Atom Sh.   l       Population
    1   1   0       1.20896972
    1   2   1       3.01207041
    2   1   0       1.20971989
    2   2   1       3.04427414
    3   1   0       0.89229524
    4   1   0       0.87827401
    5   1   0       0.88388237
    6   1   0       0.87051422
 
Orbital populations (up)
 Atom Sh.   l   m       Population  Label
    1   1   0   0       1.20896972  s
    1   2   1  -1       1.10124410  p_y
    1   2   1   0       0.96942834  p_z
    1   2   1   1       0.94139797  p_x
    2   1   0   0       1.20971989  s
    2   2   1  -1       1.13197914  p_y
    2   2   1   0       0.97263329  p_z
    2   2   1   1       0.93966171  p_x
    3   1   0   0       0.89229524  s
    4   1   0   0       0.87827401  s
    5   1   0   0       0.88388237  s
    6   1   0   0       0.87051422  s
 
Block populations (up)
Atom 1
  1.2090  0.0288  0.0208 -0.0533
  0.0288  1.1012  0.0395 -0.0197
  0.0208  0.0395  0.9694  0.0145
 -0.0533 -0.0197  0.0145  0.9414
Atom 2
  1.2097  0.0507  0.0072  0.0459
  0.0507  1.1320 -0.0456  0.0192
  0.0072 -0.0456  0.9726 -0.0097
  0.0459  0.0192 -0.0097  0.9397
Atom 3
  0.8923
Atom 4
  0.8783
Atom 5
  0.8839
Atom 6
  0.8705
 
Input / Output electrons (q):     12.0000000000
 
Energy H0:                          -5.7808434385 H         -157.3048 eV
Energy SCC:                          0.0020812591 H            0.0566 eV
Energy SPIN:                        -0.0000090458 H           -0.0002 eV
Energy Fock:                        -0.2446225260 H           -6.6565 eV
Energy onsite:                       0.0012470453 H            0.0339 eV
Total Electronic energy:            -6.0221467060 H         -163.8709 eV
Repulsive energy:                    0.1448466621 H            3.9415 eV
Total energy:                       -5.8774266800 H         -159.9329 eV
 
Excitation Energy:                   0.0000000000 H            0.0000 eV
 
SCC converged
 
Total Forces
    1      0.067425742824     -0.008762513816      0.008065471455
    2     -0.062279617889     -0.030457495364     -0.018005042422
    3      0.002949626133     -0.018666268615     -0.001377545453
    4     -0.001074944844      0.031825512138      0.012810938005
    5     -0.019586306537     -0.010831200729      0.012714701239
    6      0.012565500313      0.036891966386     -0.014208522825
 
Maximal derivative component:        0.674257E-01 au
 
Dipole moment:    0.00000000    0.00000000    0.00000000 au
Dipole moment:    0.00000000    0.00000000    0.00000000 Debye
 
 
