REKS do not use any electronic distribution function
 
Calculation with static geometry
 
********************************************************************************************
  iSCC       reks energy        Diff energy         x_a        Time(s)         SCC error   
  202       -5.7851955403      -0.0000000001     1.000000     0.001459       0.0000009664
********************************************************************************************
 
 SA-REKS optimizes the avergaed state, not individual states
 These charges do not mean the charges for S0 or S1 states
 If you want to compute the relaxed density,
 please, set 'RelaxedDensity = Yes' option
 
 Total charge:     0.00000000

 Atomic gross charges (e)
 Atom           Charge
    1      -0.28534430
    2      -0.28559970
    3       0.13871470
    4       0.14653847
    5       0.14753436
    6       0.13815646
 
Nr. of electrons (up):     12.00000000
Atom populations (up)
 Atom       Population
    1       4.28534430
    2       4.28559970
    3       0.86128530
    4       0.85346153
    5       0.85246564
    6       0.86184354
 
l-shell populations (up)
 Atom Sh.   l       Population
    1   1   0       1.17701902
    1   2   1       3.10832527
    2   1   0       1.17462360
    2   2   1       3.11097609
    3   1   0       0.86128530
    4   1   0       0.85346153
    5   1   0       0.85246564
    6   1   0       0.86184354
 
Orbital populations (up)
 Atom Sh.   l   m       Population  Label
    1   1   0   0       1.17701902  s
    1   2   1  -1       0.89344939  p_y
    1   2   1   0       1.23789112  p_z
    1   2   1   1       0.97698476  p_x
    2   1   0   0       1.17462360  s
    2   2   1  -1       0.90287320  p_y
    2   2   1   0       1.23948618  p_z
    2   2   1   1       0.96861671  p_x
    3   1   0   0       0.86128530  s
    4   1   0   0       0.85346153  s
    5   1   0   0       0.85246564  s
    6   1   0   0       0.86184354  s
 
Block populations (up)
Atom 1
  1.1770  0.0017 -0.0121 -0.0598
  0.0017  0.8934  0.0414 -0.0091
 -0.0121  0.0414  1.2379  0.0253
 -0.0598 -0.0091  0.0253  0.9770
Atom 2
  1.1746 -0.0066 -0.0400  0.0503
 -0.0066  0.9029  0.0392 -0.0142
 -0.0400  0.0392  1.2395 -0.0309
  0.0503 -0.0142 -0.0309  0.9686
Atom 3
  0.8613
Atom 4
  0.8535
Atom 5
  0.8525
Atom 6
  0.8618
 
Input / Output electrons (q):     12.0000000000
 
Energy H0:                          -5.9031794008 H         -160.6337 eV
Energy SCC:                          0.0011845471 H            0.0322 eV
Energy SPIN:                        -0.0000000000 H           -0.0000 eV
Energy Fock:                        -0.2415693645 H           -6.5734 eV
Energy onsite:                       0.0009995962 H            0.0272 eV
Total Electronic energy:            -6.1425646220 H         -167.1477 eV
Repulsive energy:                    0.2174918692 H            5.9183 eV
Total energy:                       -5.9250727559 H         -161.2294 eV
 
Excitation Energy:                   0.0000000000 H            0.0000 eV
 
SCC converged
 
Total Forces
    1     -0.039549329707     -0.040489214479      0.010111099752
    2      0.046902078508      0.025208271563      0.017838285739
    3     -0.015419103312      0.014775256863     -0.003539688858
    4     -0.002740889634      0.017487147824     -0.009310555167
    5      0.003287425383      0.002972951123     -0.011508766911
    6      0.007519818762     -0.019954412894     -0.003590374554
 
Maximal derivative component:        0.469021E-01 au
 
Dipole moment:    0.00000000    0.00000000    0.00000000 au
Dipole moment:    0.00000000    0.00000000    0.00000000 Debye
 
 
